/Users/zwj/Desktop/Code/LG-ODE/run_models.py
/Users/zwj/Desktop/Code/LG-ODE/run_models.py
Namespace(alias='run', augment_dim=64, batch_size=256, clip=10, cutting_edge=True, data='spring', dataset='data/example_data', dropout=0.2, edge_types=2, extrap='False', extrap_num=40, gen_layers=1, l2=0.001, latents=16, load=None, lr=0.0005, mode='interp', n_balls=5, n_heads=1, niters=50, ode_dims=128, odenet='NRI', optimizer='AdamW', random_seed=1991, rec_attention='attention', rec_dims=64, rec_layers=2, sample_percent_test=0.6, sample_percent_train=0.6, save='experiments/', save_graph='plot/', solver='rk4', suffix='_springs5', total_ode_step=60, z0_encoder='GTrans')
run
Experiment 92248
Epoch 0001 [Train seq (cond on sampled tp)] | Loss 892.318790 | MSE 0.178464 | Likelihood -876.512016 | KL fp nan | FP STD nan|
Epoch 0001 [Test seq (cond on sampled tp)] | Loss 508.415421 | MSE 0.101683 | Likelihood -477.085922 | KL fp 0.0000 | FP STD 0.0000|
Epoch 0001 [Test seq (cond on sampled tp)] | Best mse 0.101683|
Experiment 92248
Epoch 0002 [Train seq (cond on sampled tp)] | Loss 382.068092 | MSE 0.076414 | Likelihood -400.164619 | KL fp nan | FP STD nan|
Epoch 0002 [Test seq (cond on sampled tp)] | Loss 363.144394 | MSE 0.072629 | Likelihood -342.367172 | KL fp 0.0000 | FP STD 0.0000|
Epoch 0002 [Test seq (cond on sampled tp)] | Best mse 0.072629|
Experiment 92248
Epoch 0003 [Train seq (cond on sampled tp)] | Loss 297.384636 | MSE 0.059477 | Likelihood -294.559174 | KL fp nan | FP STD nan|
Epoch 0003 [Test seq (cond on sampled tp)] | Loss 273.343521 | MSE 0.054669 | Likelihood -248.591034 | KL fp 0.0000 | FP STD 0.0000|
Epoch 0003 [Test seq (cond on sampled tp)] | Best mse 0.054669|
Experiment 92248
Epoch 0004 [Train seq (cond on sampled tp)] | Loss 253.958651 | MSE 0.050792 | Likelihood -242.415054 | KL fp nan | FP STD nan|
Epoch 0004 [Test seq (cond on sampled tp)] | Loss 245.117966 | MSE 0.049024 | Likelihood -228.423065 | KL fp 0.0000 | FP STD 0.0000|
Epoch 0004 [Test seq (cond on sampled tp)] | Best mse 0.049024|
Experiment 92248
Epoch 0005 [Train seq (cond on sampled tp)] | Loss 225.423410 | MSE 0.045085 | Likelihood -210.311983 | KL fp nan | FP STD nan|
Epoch 0005 [Test seq (cond on sampled tp)] | Loss 225.854584 | MSE 0.045171 | Likelihood -197.011681 | KL fp 0.0000 | FP STD 0.0000|
Epoch 0005 [Test seq (cond on sampled tp)] | Best mse 0.045171|
Experiment 92248
Epoch 0006 [Train seq (cond on sampled tp)] | Loss 201.945524 | MSE 0.040389 | Likelihood -181.983500 | KL fp nan | FP STD nan|
Epoch 0006 [Test seq (cond on sampled tp)] | Loss 210.439468 | MSE 0.042088 | Likelihood -184.279930 | KL fp 0.0000 | FP STD 0.0000|
Epoch 0006 [Test seq (cond on sampled tp)] | Best mse 0.042088|
Experiment 92248
Epoch 0007 [Train seq (cond on sampled tp)] | Loss 182.104733 | MSE 0.036421 | Likelihood -160.741806 | KL fp nan | FP STD nan|
Epoch 0007 [Test seq (cond on sampled tp)] | Loss 194.526520 | MSE 0.038905 | Likelihood -170.307976 | KL fp 0.0000 | FP STD 0.0000|
Epoch 0007 [Test seq (cond on sampled tp)] | Best mse 0.038905|
Experiment 92248
Epoch 0008 [Train seq (cond on sampled tp)] | Loss 164.754936 | MSE 0.032951 | Likelihood -144.396021 | KL fp nan | FP STD nan|
Epoch 0008 [Test seq (cond on sampled tp)] | Loss 181.160080 | MSE 0.036232 | Likelihood -155.201401 | KL fp 0.0000 | FP STD 0.0000|
Epoch 0008 [Test seq (cond on sampled tp)] | Best mse 0.036232|
Experiment 92248
Epoch 0009 [Train seq (cond on sampled tp)] | Loss 149.300434 | MSE 0.029860 | Likelihood -130.221825 | KL fp nan | FP STD nan|
Epoch 0009 [Test seq (cond on sampled tp)] | Loss 172.891754 | MSE 0.034578 | Likelihood -141.190948 | KL fp 0.0000 | FP STD 0.0000|
Epoch 0009 [Test seq (cond on sampled tp)] | Best mse 0.034578|
Experiment 92248
Epoch 0010 [Train seq (cond on sampled tp)] | Loss 137.634481 | MSE 0.027527 | Likelihood -118.874166 | KL fp nan | FP STD nan|
Epoch 0010 [Test seq (cond on sampled tp)] | Loss 176.354286 | MSE 0.035271 | Likelihood -130.252411 | KL fp 0.0000 | FP STD 0.0000|
Experiment 92248
Epoch 0011 [Train seq (cond on sampled tp)] | Loss 129.695364 | MSE 0.025939 | Likelihood -109.997576 | KL fp nan | FP STD nan|
Epoch 0011 [Test seq (cond on sampled tp)] | Loss 151.723900 | MSE 0.030345 | Likelihood -122.794460 | KL fp 0.0000 | FP STD 0.0000|
Epoch 0011 [Test seq (cond on sampled tp)] | Best mse 0.030345|
Experiment 92248
Epoch 0012 [Train seq (cond on sampled tp)] | Loss 118.932594 | MSE 0.023787 | Likelihood -101.537129 | KL fp nan | FP STD nan|
Epoch 0012 [Test seq (cond on sampled tp)] | Loss 155.179146 | MSE 0.031036 | Likelihood -117.993591 | KL fp 0.0000 | FP STD 0.0000|
Experiment 92248
Epoch 0013 [Train seq (cond on sampled tp)] | Loss 111.422347 | MSE 0.022284 | Likelihood -95.332903 | KL fp nan | FP STD nan|
Epoch 0013 [Test seq (cond on sampled tp)] | Loss 151.547989 | MSE 0.030310 | Likelihood -112.155773 | KL fp 0.0000 | FP STD 0.0000|
Epoch 0013 [Test seq (cond on sampled tp)] | Best mse 0.030310|
Experiment 92248
Epoch 0014 [Train seq (cond on sampled tp)] | Loss 102.235705 | MSE 0.020447 | Likelihood -89.069165 | KL fp nan | FP STD nan|
Epoch 0014 [Test seq (cond on sampled tp)] | Loss 134.327477 | MSE 0.026865 | Likelihood -106.047955 | KL fp 0.0000 | FP STD 0.0000|
Epoch 0014 [Test seq (cond on sampled tp)] | Best mse 0.026865|
Experiment 92248
Epoch 0015 [Train seq (cond on sampled tp)] | Loss 95.632384 | MSE 0.019126 | Likelihood -82.295828 | KL fp nan | FP STD nan|
Epoch 0015 [Test seq (cond on sampled tp)] | Loss 178.001785 | MSE 0.035600 | Likelihood -101.219097 | KL fp 0.0000 | FP STD 0.0000|
Experiment 92248
Epoch 0016 [Train seq (cond on sampled tp)] | Loss 91.877434 | MSE 0.018375 | Likelihood -78.104280 | KL fp nan | FP STD nan|
Epoch 0016 [Test seq (cond on sampled tp)] | Loss 129.970913 | MSE 0.025994 | Likelihood -96.042515 | KL fp 0.0000 | FP STD 0.0000|
Epoch 0016 [Test seq (cond on sampled tp)] | Best mse 0.025994|
Experiment 92248
Epoch 0017 [Train seq (cond on sampled tp)] | Loss 85.771859 | MSE 0.017154 | Likelihood -73.864021 | KL fp nan | FP STD nan|
Epoch 0017 [Test seq (cond on sampled tp)] | Loss 138.635864 | MSE 0.027727 | Likelihood -96.046410 | KL fp 0.0000 | FP STD 0.0000|
Experiment 92248
Epoch 0018 [Train seq (cond on sampled tp)] | Loss 81.128545 | MSE 0.016226 | Likelihood -70.274074 | KL fp nan | FP STD nan|
Epoch 0018 [Test seq (cond on sampled tp)] | Loss 126.709305 | MSE 0.025342 | Likelihood -89.888119 | KL fp 0.0000 | FP STD 0.0000|
Epoch 0018 [Test seq (cond on sampled tp)] | Best mse 0.025342|
Experiment 92248
Epoch 0019 [Train seq (cond on sampled tp)] | Loss 77.361927 | MSE 0.015472 | Likelihood -67.051304 | KL fp nan | FP STD nan|
Epoch 0019 [Test seq (cond on sampled tp)] | Loss 118.853703 | MSE 0.023771 | Likelihood -86.084026 | KL fp 0.0000 | FP STD 0.0000|
Epoch 0019 [Test seq (cond on sampled tp)] | Best mse 0.023771|
Experiment 92248
Epoch 0020 [Train seq (cond on sampled tp)] | Loss 73.912306 | MSE 0.014782 | Likelihood -64.014050 | KL fp nan | FP STD nan|
Epoch 0020 [Test seq (cond on sampled tp)] | Loss 129.071678 | MSE 0.025814 | Likelihood -86.058247 | KL fp 0.0000 | FP STD 0.0000|
Experiment 92248
Epoch 0021 [Train seq (cond on sampled tp)] | Loss 70.533035 | MSE 0.014107 | Likelihood -60.812370 | KL fp nan | FP STD nan|
Epoch 0021 [Test seq (cond on sampled tp)] | Loss 136.085938 | MSE 0.027217 | Likelihood -83.094505 | KL fp 0.0000 | FP STD 0.0000|
Experiment 92248
Epoch 0022 [Train seq (cond on sampled tp)] | Loss 67.298534 | MSE 0.013460 | Likelihood -58.173390 | KL fp nan | FP STD nan|
Epoch 0022 [Test seq (cond on sampled tp)] | Loss 111.874123 | MSE 0.022375 | Likelihood -78.068832 | KL fp 0.0000 | FP STD 0.0000|
Epoch 0022 [Test seq (cond on sampled tp)] | Best mse 0.022375|
Experiment 92248
Epoch 0023 [Train seq (cond on sampled tp)] | Loss 64.288403 | MSE 0.012858 | Likelihood -55.301499 | KL fp nan | FP STD nan|
Epoch 0023 [Test seq (cond on sampled tp)] | Loss 136.903084 | MSE 0.027381 | Likelihood -84.385006 | KL fp 0.0000 | FP STD 0.0000|
Experiment 92248
Epoch 0024 [Train seq (cond on sampled tp)] | Loss 67.183681 | MSE 0.013437 | Likelihood -54.613889 | KL fp nan | FP STD nan|
Epoch 0024 [Test seq (cond on sampled tp)] | Loss 129.582886 | MSE 0.025917 | Likelihood -83.471920 | KL fp 0.0000 | FP STD 0.0000|
Experiment 92248
Epoch 0025 [Train seq (cond on sampled tp)] | Loss 62.395549 | MSE 0.012479 | Likelihood -51.671326 | KL fp nan | FP STD nan|
Epoch 0025 [Test seq (cond on sampled tp)] | Loss 128.294365 | MSE 0.025659 | Likelihood -73.489960 | KL fp 0.0000 | FP STD 0.0000|
Experiment 92248
Epoch 0026 [Train seq (cond on sampled tp)] | Loss 58.552549 | MSE 0.011711 | Likelihood -49.047271 | KL fp nan | FP STD nan|
Epoch 0026 [Test seq (cond on sampled tp)] | Loss 126.572742 | MSE 0.025315 | Likelihood -74.467583 | KL fp 0.0000 | FP STD 0.0000|
Experiment 92248
Epoch 0027 [Train seq (cond on sampled tp)] | Loss 56.647703 | MSE 0.011330 | Likelihood -47.888452 | KL fp nan | FP STD nan|
Epoch 0027 [Test seq (cond on sampled tp)] | Loss 127.187706 | MSE 0.025438 | Likelihood -70.382080 | KL fp 0.0000 | FP STD 0.0000|
Experiment 92248
Epoch 0028 [Train seq (cond on sampled tp)] | Loss 53.540409 | MSE 0.010708 | Likelihood -45.479944 | KL fp nan | FP STD nan|
Epoch 0028 [Test seq (cond on sampled tp)] | Loss 108.711716 | MSE 0.021742 | Likelihood -67.730259 | KL fp 0.0000 | FP STD 0.0000|
Epoch 0028 [Test seq (cond on sampled tp)] | Best mse 0.021742|
Experiment 92248
Epoch 0029 [Train seq (cond on sampled tp)] | Loss 52.056910 | MSE 0.010411 | Likelihood -43.995232 | KL fp nan | FP STD nan|
Epoch 0029 [Test seq (cond on sampled tp)] | Loss 121.877853 | MSE 0.024376 | Likelihood -66.613392 | KL fp 0.0000 | FP STD 0.0000|
Experiment 92248
Epoch 0030 [Train seq (cond on sampled tp)] | Loss 50.104719 | MSE 0.010021 | Likelihood -41.812891 | KL fp nan | FP STD nan|
Epoch 0030 [Test seq (cond on sampled tp)] | Loss 115.119625 | MSE 0.023024 | Likelihood -64.034286 | KL fp 0.0000 | FP STD 0.0000|
Experiment 92248
Epoch 0031 [Train seq (cond on sampled tp)] | Loss 47.443571 | MSE 0.009489 | Likelihood -40.602288 | KL fp nan | FP STD nan|
Epoch 0031 [Test seq (cond on sampled tp)] | Loss 117.456722 | MSE 0.023491 | Likelihood -66.580643 | KL fp 0.0000 | FP STD 0.0000|
Experiment 92248
Epoch 0032 [Train seq (cond on sampled tp)] | Loss 48.295667 | MSE 0.009659 | Likelihood -39.359176 | KL fp nan | FP STD nan|
Epoch 0032 [Test seq (cond on sampled tp)] | Loss 122.007423 | MSE 0.024401 | Likelihood -61.260904 | KL fp 0.0000 | FP STD 0.0000|
Experiment 92248
Epoch 0033 [Train seq (cond on sampled tp)] | Loss 45.426209 | MSE 0.009085 | Likelihood -38.030194 | KL fp nan | FP STD nan|
Epoch 0033 [Test seq (cond on sampled tp)] | Loss 125.480076 | MSE 0.025096 | Likelihood -58.782644 | KL fp 0.0000 | FP STD 0.0000|
Experiment 92248
Epoch 0034 [Train seq (cond on sampled tp)] | Loss 41.588672 | MSE 0.008318 | Likelihood -35.923589 | KL fp nan | FP STD nan|
Epoch 0034 [Test seq (cond on sampled tp)] | Loss 106.859886 | MSE 0.021372 | Likelihood -57.679712 | KL fp 0.0000 | FP STD 0.0000|
Epoch 0034 [Test seq (cond on sampled tp)] | Best mse 0.021372|
Experiment 92248
Epoch 0035 [Train seq (cond on sampled tp)] | Loss 43.783556 | MSE 0.008757 | Likelihood -35.855190 | KL fp nan | FP STD nan|
Epoch 0035 [Test seq (cond on sampled tp)] | Loss 125.162586 | MSE 0.025033 | Likelihood -58.833803 | KL fp 0.0000 | FP STD 0.0000|
Experiment 92248
Epoch 0036 [Train seq (cond on sampled tp)] | Loss 43.473316 | MSE 0.008695 | Likelihood -35.994620 | KL fp nan | FP STD nan|
Epoch 0036 [Test seq (cond on sampled tp)] | Loss 110.545155 | MSE 0.022109 | Likelihood -61.327421 | KL fp 0.0000 | FP STD 0.0000|
Experiment 92248
Epoch 0037 [Train seq (cond on sampled tp)] | Loss 41.131401 | MSE 0.008226 | Likelihood -33.479122 | KL fp nan | FP STD nan|
Epoch 0037 [Test seq (cond on sampled tp)] | Loss 95.828205 | MSE 0.019166 | Likelihood -56.868164 | KL fp 0.0000 | FP STD 0.0000|
Epoch 0037 [Test seq (cond on sampled tp)] | Best mse 0.019166|
Experiment 92248
Epoch 0038 [Train seq (cond on sampled tp)] | Loss 40.953268 | MSE 0.008191 | Likelihood -34.006421 | KL fp nan | FP STD nan|
Epoch 0038 [Test seq (cond on sampled tp)] | Loss 100.503677 | MSE 0.020101 | Likelihood -54.211987 | KL fp 0.0000 | FP STD 0.0000|
Experiment 92248
Epoch 0039 [Train seq (cond on sampled tp)] | Loss 38.696296 | MSE 0.007739 | Likelihood -31.520832 | KL fp nan | FP STD nan|
Epoch 0039 [Test seq (cond on sampled tp)] | Loss 128.303772 | MSE 0.025661 | Likelihood -56.517876 | KL fp 0.0000 | FP STD 0.0000|
Experiment 92248
Epoch 0040 [Train seq (cond on sampled tp)] | Loss 37.658155 | MSE 0.007532 | Likelihood -31.086757 | KL fp nan | FP STD nan|
Epoch 0040 [Test seq (cond on sampled tp)] | Loss 141.954926 | MSE 0.028391 | Likelihood -56.720045 | KL fp 0.0000 | FP STD 0.0000|
Experiment 92248
Epoch 0041 [Train seq (cond on sampled tp)] | Loss 37.537386 | MSE 0.007507 | Likelihood -30.290648 | KL fp nan | FP STD nan|
Epoch 0041 [Test seq (cond on sampled tp)] | Loss 80.805439 | MSE 0.016161 | Likelihood -49.219236 | KL fp 0.0000 | FP STD 0.0000|
Epoch 0041 [Test seq (cond on sampled tp)] | Best mse 0.016161|
Experiment 92248
Epoch 0042 [Train seq (cond on sampled tp)] | Loss 37.052000 | MSE 0.007410 | Likelihood -30.469835 | KL fp nan | FP STD nan|
Epoch 0042 [Test seq (cond on sampled tp)] | Loss 129.801056 | MSE 0.025960 | Likelihood -60.286942 | KL fp 0.0000 | FP STD 0.0000|
Experiment 92248
Epoch 0043 [Train seq (cond on sampled tp)] | Loss 37.525601 | MSE 0.007505 | Likelihood -29.357548 | KL fp nan | FP STD nan|
Epoch 0043 [Test seq (cond on sampled tp)] | Loss 112.003689 | MSE 0.022401 | Likelihood -56.399904 | KL fp 0.0000 | FP STD 0.0000|
Experiment 92248
Epoch 0044 [Train seq (cond on sampled tp)] | Loss 36.106660 | MSE 0.007221 | Likelihood -29.621292 | KL fp nan | FP STD nan|
Epoch 0044 [Test seq (cond on sampled tp)] | Loss 114.535416 | MSE 0.022907 | Likelihood -54.519957 | KL fp 0.0000 | FP STD 0.0000|
Experiment 92248
Epoch 0045 [Train seq (cond on sampled tp)] | Loss 36.123458 | MSE 0.007225 | Likelihood -29.217612 | KL fp nan | FP STD nan|
Epoch 0045 [Test seq (cond on sampled tp)] | Loss 123.048306 | MSE 0.024610 | Likelihood -51.943905 | KL fp 0.0000 | FP STD 0.0000|
Experiment 92248
Epoch 0046 [Train seq (cond on sampled tp)] | Loss 37.876178 | MSE 0.007575 | Likelihood -28.945582 | KL fp nan | FP STD nan|
Epoch 0046 [Test seq (cond on sampled tp)] | Loss 102.206844 | MSE 0.020441 | Likelihood -54.812113 | KL fp 0.0000 | FP STD 0.0000|
Experiment 92248
Epoch 0047 [Train seq (cond on sampled tp)] | Loss 33.729643 | MSE 0.006746 | Likelihood -28.831685 | KL fp nan | FP STD nan|
Epoch 0047 [Test seq (cond on sampled tp)] | Loss 119.421257 | MSE 0.023884 | Likelihood -56.377373 | KL fp 0.0000 | FP STD 0.0000|
Experiment 92248
Epoch 0048 [Train seq (cond on sampled tp)] | Loss 32.667175 | MSE 0.006533 | Likelihood -27.751034 | KL fp nan | FP STD nan|
Epoch 0048 [Test seq (cond on sampled tp)] | Loss 132.780060 | MSE 0.026556 | Likelihood -54.174536 | KL fp 0.0000 | FP STD 0.0000|
Experiment 92248
Epoch 0049 [Train seq (cond on sampled tp)] | Loss 33.531620 | MSE 0.006706 | Likelihood -26.820300 | KL fp nan | FP STD nan|
Epoch 0049 [Test seq (cond on sampled tp)] | Loss 106.303097 | MSE 0.021261 | Likelihood -50.689428 | KL fp 0.0000 | FP STD 0.0000|
Experiment 92248
Epoch 0050 [Train seq (cond on sampled tp)] | Loss 32.873388 | MSE 0.006575 | Likelihood -25.802410 | KL fp nan | FP STD nan|
Epoch 0050 [Test seq (cond on sampled tp)] | Loss 88.897121 | MSE 0.017779 | Likelihood -48.283247 | KL fp 0.0000 | FP STD 0.0000|
