/Users/zwj/Desktop/Code/LG-ODE/run_models.py
/Users/zwj/Desktop/Code/LG-ODE/run_models.py
Namespace(alias='run', augment_dim=64, batch_size=256, clip=10, cutting_edge=True, data='spring', dataset='data/example_data', dropout=0.2, edge_types=2, extrap='False', extrap_num=40, gen_layers=1, l2=0.001, latents=16, load=None, lr=0.0005, mode='interp', n_balls=5, n_heads=1, niters=50, ode_dims=128, odenet='NRI', optimizer='AdamW', random_seed=1991, rec_attention='attention', rec_dims=64, rec_layers=2, sample_percent_test=0.6, sample_percent_train=0.6, save='experiments/', save_graph='plot/', solver='rk4', suffix='_springs5', total_ode_step=60, z0_encoder='GTrans')
run
Experiment 78252
Epoch 0001 [Train seq (cond on sampled tp)] | Loss 892.318790 | MSE 0.178464 | Likelihood -876.512016 | KL fp nan | FP STD nan|
Epoch 0001 [Test seq (cond on sampled tp)] | Loss 508.415421 | MSE 0.101683 | Likelihood -477.085922 | KL fp 0.0000 | FP STD 0.0000|
Epoch 0001 [Test seq (cond on sampled tp)] | Best mse 0.101683|
Experiment 78252
Epoch 0002 [Train seq (cond on sampled tp)] | Loss 382.068092 | MSE 0.076414 | Likelihood -400.164619 | KL fp nan | FP STD nan|
Epoch 0002 [Test seq (cond on sampled tp)] | Loss 363.144394 | MSE 0.072629 | Likelihood -342.367172 | KL fp 0.0000 | FP STD 0.0000|
Epoch 0002 [Test seq (cond on sampled tp)] | Best mse 0.072629|
Experiment 78252
Epoch 0003 [Train seq (cond on sampled tp)] | Loss 297.384636 | MSE 0.059477 | Likelihood -294.559174 | KL fp nan | FP STD nan|
Epoch 0003 [Test seq (cond on sampled tp)] | Loss 273.343521 | MSE 0.054669 | Likelihood -248.591034 | KL fp 0.0000 | FP STD 0.0000|
Epoch 0003 [Test seq (cond on sampled tp)] | Best mse 0.054669|
Experiment 78252
Epoch 0004 [Train seq (cond on sampled tp)] | Loss 253.958651 | MSE 0.050792 | Likelihood -242.415054 | KL fp nan | FP STD nan|
Epoch 0004 [Test seq (cond on sampled tp)] | Loss 245.117966 | MSE 0.049024 | Likelihood -228.423065 | KL fp 0.0000 | FP STD 0.0000|
Epoch 0004 [Test seq (cond on sampled tp)] | Best mse 0.049024|
Experiment 78252
Epoch 0005 [Train seq (cond on sampled tp)] | Loss 225.423410 | MSE 0.045085 | Likelihood -210.311983 | KL fp nan | FP STD nan|
Epoch 0005 [Test seq (cond on sampled tp)] | Loss 225.854584 | MSE 0.045171 | Likelihood -197.011681 | KL fp 0.0000 | FP STD 0.0000|
Epoch 0005 [Test seq (cond on sampled tp)] | Best mse 0.045171|
Experiment 78252
Epoch 0006 [Train seq (cond on sampled tp)] | Loss 201.945524 | MSE 0.040389 | Likelihood -181.983500 | KL fp nan | FP STD nan|
Epoch 0006 [Test seq (cond on sampled tp)] | Loss 210.439468 | MSE 0.042088 | Likelihood -184.279930 | KL fp 0.0000 | FP STD 0.0000|
Epoch 0006 [Test seq (cond on sampled tp)] | Best mse 0.042088|
Experiment 78252
Epoch 0007 [Train seq (cond on sampled tp)] | Loss 182.104733 | MSE 0.036421 | Likelihood -160.741806 | KL fp nan | FP STD nan|
Epoch 0007 [Test seq (cond on sampled tp)] | Loss 194.526520 | MSE 0.038905 | Likelihood -170.307976 | KL fp 0.0000 | FP STD 0.0000|
Epoch 0007 [Test seq (cond on sampled tp)] | Best mse 0.038905|
Experiment 78252
Epoch 0008 [Train seq (cond on sampled tp)] | Loss 164.754936 | MSE 0.032951 | Likelihood -144.396021 | KL fp nan | FP STD nan|
Epoch 0008 [Test seq (cond on sampled tp)] | Loss 181.160080 | MSE 0.036232 | Likelihood -155.201401 | KL fp 0.0000 | FP STD 0.0000|
Epoch 0008 [Test seq (cond on sampled tp)] | Best mse 0.036232|
Experiment 78252
Epoch 0009 [Train seq (cond on sampled tp)] | Loss 149.300434 | MSE 0.029860 | Likelihood -130.221825 | KL fp nan | FP STD nan|
Epoch 0009 [Test seq (cond on sampled tp)] | Loss 172.891754 | MSE 0.034578 | Likelihood -141.190948 | KL fp 0.0000 | FP STD 0.0000|
Epoch 0009 [Test seq (cond on sampled tp)] | Best mse 0.034578|
