/Users/zwj/Desktop/Code/LG-ODE/run_models.py
/Users/zwj/Desktop/Code/LG-ODE/run_models.py
Namespace(alias='run', augment_dim=64, batch_size=256, clip=10, cutting_edge=True, data='spring', dataset='data/example_data', dropout=0.2, edge_types=2, extrap='False', extrap_num=40, gen_layers=1, l2=0.001, latents=16, load=None, lr=0.0005, mode='interp', n_balls=5, n_heads=1, niters=50, ode_dims=128, odenet='NRI', optimizer='AdamW', random_seed=1991, rec_attention='attention', rec_dims=64, rec_layers=2, sample_percent_test=0.6, sample_percent_train=0.6, save='experiments/', save_graph='plot/', solver='rk4', suffix='_springs5', total_ode_step=60, z0_encoder='GTrans')
run
Experiment 25836
Epoch 0001 [Train seq (cond on sampled tp)] | Loss 600.223633 | MSE 0.120045 | Likelihood -629.390488 | KL fp nan | FP STD nan|
Epoch 0001 [Test seq (cond on sampled tp)] | Loss 412.345581 | MSE 0.082469 | Likelihood -371.196609 | KL fp 0.0000 | FP STD 0.0000|
Epoch 0001 [Test seq (cond on sampled tp)] | Best mse 0.082469|
Experiment 25836
Epoch 0002 [Train seq (cond on sampled tp)] | Loss 352.514225 | MSE 0.070503 | Likelihood -309.885483 | KL fp nan | FP STD nan|
Epoch 0002 [Test seq (cond on sampled tp)] | Loss 313.435211 | MSE 0.062687 | Likelihood -266.682571 | KL fp 0.0000 | FP STD 0.0000|
Epoch 0002 [Test seq (cond on sampled tp)] | Best mse 0.062687|
Experiment 25836
Epoch 0003 [Train seq (cond on sampled tp)] | Loss 287.282249 | MSE 0.057456 | Likelihood -242.738234 | KL fp nan | FP STD nan|
Epoch 0003 [Test seq (cond on sampled tp)] | Loss 253.629196 | MSE 0.050726 | Likelihood -212.096870 | KL fp 0.0000 | FP STD 0.0000|
Epoch 0003 [Test seq (cond on sampled tp)] | Best mse 0.050726|
Experiment 25836
Epoch 0004 [Train seq (cond on sampled tp)] | Loss 243.558046 | MSE 0.048712 | Likelihood -192.763418 | KL fp nan | FP STD nan|
Epoch 0004 [Test seq (cond on sampled tp)] | Loss 226.573494 | MSE 0.045315 | Likelihood -183.293739 | KL fp 0.0000 | FP STD 0.0000|
Epoch 0004 [Test seq (cond on sampled tp)] | Best mse 0.045315|
Experiment 25836
Epoch 0005 [Train seq (cond on sampled tp)] | Loss 208.070721 | MSE 0.041614 | Likelihood -151.079573 | KL fp nan | FP STD nan|
Epoch 0005 [Test seq (cond on sampled tp)] | Loss 207.253021 | MSE 0.041451 | Likelihood -175.773079 | KL fp 0.0000 | FP STD 0.0000|
Epoch 0005 [Test seq (cond on sampled tp)] | Best mse 0.041451|
Experiment 25836
Epoch 0006 [Train seq (cond on sampled tp)] | Loss 182.543095 | MSE 0.036509 | Likelihood -128.524117 | KL fp nan | FP STD nan|
Epoch 0006 [Test seq (cond on sampled tp)] | Loss 177.975052 | MSE 0.035595 | Likelihood -147.407852 | KL fp 0.0000 | FP STD 0.0000|
Epoch 0006 [Test seq (cond on sampled tp)] | Best mse 0.035595|
Experiment 25836
Epoch 0007 [Train seq (cond on sampled tp)] | Loss 161.994324 | MSE 0.032399 | Likelihood -114.392108 | KL fp nan | FP STD nan|
Epoch 0007 [Test seq (cond on sampled tp)] | Loss 160.827560 | MSE 0.032166 | Likelihood -141.067848 | KL fp 0.0000 | FP STD 0.0000|
Epoch 0007 [Test seq (cond on sampled tp)] | Best mse 0.032166|
Experiment 25836
Epoch 0008 [Train seq (cond on sampled tp)] | Loss 144.285675 | MSE 0.028857 | Likelihood -105.363647 | KL fp nan | FP STD nan|
Epoch 0008 [Test seq (cond on sampled tp)] | Loss 142.234604 | MSE 0.028447 | Likelihood -127.803665 | KL fp 0.0000 | FP STD 0.0000|
Epoch 0008 [Test seq (cond on sampled tp)] | Best mse 0.028447|
Experiment 25836
Epoch 0009 [Train seq (cond on sampled tp)] | Loss 128.603137 | MSE 0.025721 | Likelihood -99.676564 | KL fp nan | FP STD nan|
Epoch 0009 [Test seq (cond on sampled tp)] | Loss 130.801498 | MSE 0.026160 | Likelihood -121.098072 | KL fp 0.0000 | FP STD 0.0000|
Epoch 0009 [Test seq (cond on sampled tp)] | Best mse 0.026160|
Experiment 25836
Epoch 0010 [Train seq (cond on sampled tp)] | Loss 115.803000 | MSE 0.023161 | Likelihood -92.911680 | KL fp nan | FP STD nan|
Epoch 0010 [Test seq (cond on sampled tp)] | Loss 122.024296 | MSE 0.024405 | Likelihood -112.392872 | KL fp 0.0000 | FP STD 0.0000|
Epoch 0010 [Test seq (cond on sampled tp)] | Best mse 0.024405|
Experiment 25836
Epoch 0011 [Train seq (cond on sampled tp)] | Loss 105.397669 | MSE 0.021080 | Likelihood -85.893777 | KL fp nan | FP STD nan|
Epoch 0011 [Test seq (cond on sampled tp)] | Loss 112.842758 | MSE 0.022569 | Likelihood -104.893036 | KL fp 0.0000 | FP STD 0.0000|
Epoch 0011 [Test seq (cond on sampled tp)] | Best mse 0.022569|
Experiment 25836
Epoch 0012 [Train seq (cond on sampled tp)] | Loss 96.731697 | MSE 0.019346 | Likelihood -80.517769 | KL fp nan | FP STD nan|
Epoch 0012 [Test seq (cond on sampled tp)] | Loss 107.442368 | MSE 0.021488 | Likelihood -100.576374 | KL fp 0.0000 | FP STD 0.0000|
Epoch 0012 [Test seq (cond on sampled tp)] | Best mse 0.021488|
Experiment 25836
Epoch 0013 [Train seq (cond on sampled tp)] | Loss 89.366565 | MSE 0.017873 | Likelihood -73.946260 | KL fp nan | FP STD nan|
Epoch 0013 [Test seq (cond on sampled tp)] | Loss 102.592659 | MSE 0.020519 | Likelihood -94.085938 | KL fp 0.0000 | FP STD 0.0000|
Epoch 0013 [Test seq (cond on sampled tp)] | Best mse 0.020519|
Experiment 25836
Epoch 0014 [Train seq (cond on sampled tp)] | Loss 84.597796 | MSE 0.016920 | Likelihood -69.390154 | KL fp nan | FP STD nan|
Epoch 0014 [Test seq (cond on sampled tp)] | Loss 100.212765 | MSE 0.020043 | Likelihood -88.959343 | KL fp 0.0000 | FP STD 0.0000|
Epoch 0014 [Test seq (cond on sampled tp)] | Best mse 0.020043|
Experiment 25836
Epoch 0015 [Train seq (cond on sampled tp)] | Loss 78.972511 | MSE 0.015795 | Likelihood -64.508492 | KL fp nan | FP STD nan|
Epoch 0015 [Test seq (cond on sampled tp)] | Loss 95.913105 | MSE 0.019183 | Likelihood -85.475849 | KL fp 0.0000 | FP STD 0.0000|
Epoch 0015 [Test seq (cond on sampled tp)] | Best mse 0.019183|
Experiment 25836
Epoch 0016 [Train seq (cond on sampled tp)] | Loss 77.481359 | MSE 0.015496 | Likelihood -62.186213 | KL fp nan | FP STD nan|
Epoch 0016 [Test seq (cond on sampled tp)] | Loss 96.171280 | MSE 0.019234 | Likelihood -87.135284 | KL fp 0.0000 | FP STD 0.0000|
Experiment 25836
Epoch 0017 [Train seq (cond on sampled tp)] | Loss 71.986527 | MSE 0.014397 | Likelihood -58.713095 | KL fp nan | FP STD nan|
Epoch 0017 [Test seq (cond on sampled tp)] | Loss 87.594048 | MSE 0.017519 | Likelihood -77.650574 | KL fp 0.0000 | FP STD 0.0000|
Epoch 0017 [Test seq (cond on sampled tp)] | Best mse 0.017519|
Experiment 25836
Epoch 0018 [Train seq (cond on sampled tp)] | Loss 67.761709 | MSE 0.013552 | Likelihood -56.450936 | KL fp nan | FP STD nan|
Epoch 0018 [Test seq (cond on sampled tp)] | Loss 86.397850 | MSE 0.017280 | Likelihood -77.771347 | KL fp 0.0000 | FP STD 0.0000|
Epoch 0018 [Test seq (cond on sampled tp)] | Best mse 0.017280|
Experiment 25836
Epoch 0019 [Train seq (cond on sampled tp)] | Loss 64.881576 | MSE 0.012976 | Likelihood -54.174346 | KL fp nan | FP STD nan|
Epoch 0019 [Test seq (cond on sampled tp)] | Loss 88.721725 | MSE 0.017744 | Likelihood -78.504196 | KL fp 0.0000 | FP STD 0.0000|
Experiment 25836
Epoch 0020 [Train seq (cond on sampled tp)] | Loss 60.896705 | MSE 0.012179 | Likelihood -50.736872 | KL fp nan | FP STD nan|
Epoch 0020 [Test seq (cond on sampled tp)] | Loss 82.712120 | MSE 0.016542 | Likelihood -77.421654 | KL fp 0.0000 | FP STD 0.0000|
Epoch 0020 [Test seq (cond on sampled tp)] | Best mse 0.016542|
Experiment 25836
Epoch 0021 [Train seq (cond on sampled tp)] | Loss 58.131867 | MSE 0.011626 | Likelihood -48.335800 | KL fp nan | FP STD nan|
Epoch 0021 [Test seq (cond on sampled tp)] | Loss 82.705391 | MSE 0.016541 | Likelihood -75.804184 | KL fp 0.0000 | FP STD 0.0000|
Epoch 0021 [Test seq (cond on sampled tp)] | Best mse 0.016541|
Experiment 25836
Epoch 0022 [Train seq (cond on sampled tp)] | Loss 57.370560 | MSE 0.011474 | Likelihood -47.277400 | KL fp nan | FP STD nan|
Epoch 0022 [Test seq (cond on sampled tp)] | Loss 82.179230 | MSE 0.016436 | Likelihood -70.151382 | KL fp 0.0000 | FP STD 0.0000|
Epoch 0022 [Test seq (cond on sampled tp)] | Best mse 0.016436|
Experiment 25836
Epoch 0023 [Train seq (cond on sampled tp)] | Loss 57.443326 | MSE 0.011489 | Likelihood -51.597485 | KL fp nan | FP STD nan|
Epoch 0023 [Test seq (cond on sampled tp)] | Loss 107.649780 | MSE 0.021530 | Likelihood -118.760269 | KL fp 0.0000 | FP STD 0.0000|
Experiment 25836
Epoch 0024 [Train seq (cond on sampled tp)] | Loss 58.463144 | MSE 0.011693 | Likelihood -53.398285 | KL fp nan | FP STD nan|
Epoch 0024 [Test seq (cond on sampled tp)] | Loss 81.909599 | MSE 0.016382 | Likelihood -71.976036 | KL fp 0.0000 | FP STD 0.0000|
Epoch 0024 [Test seq (cond on sampled tp)] | Best mse 0.016382|
Experiment 25836
Epoch 0025 [Train seq (cond on sampled tp)] | Loss 55.735741 | MSE 0.011147 | Likelihood -50.629732 | KL fp nan | FP STD nan|
Epoch 0025 [Test seq (cond on sampled tp)] | Loss 77.445095 | MSE 0.015489 | Likelihood -66.948792 | KL fp 0.0000 | FP STD 0.0000|
Epoch 0025 [Test seq (cond on sampled tp)] | Best mse 0.015489|
Experiment 25836
Epoch 0026 [Train seq (cond on sampled tp)] | Loss 52.110946 | MSE 0.010422 | Likelihood -45.763643 | KL fp nan | FP STD nan|
Epoch 0026 [Test seq (cond on sampled tp)] | Loss 80.040970 | MSE 0.016008 | Likelihood -76.801754 | KL fp 0.0000 | FP STD 0.0000|
Experiment 25836
Epoch 0027 [Train seq (cond on sampled tp)] | Loss 49.501658 | MSE 0.009900 | Likelihood -41.187448 | KL fp nan | FP STD nan|
Epoch 0027 [Test seq (cond on sampled tp)] | Loss 77.976624 | MSE 0.015595 | Likelihood -70.799309 | KL fp 0.0000 | FP STD 0.0000|
Experiment 25836
Epoch 0028 [Train seq (cond on sampled tp)] | Loss 49.563001 | MSE 0.009913 | Likelihood -42.556675 | KL fp nan | FP STD nan|
Epoch 0028 [Test seq (cond on sampled tp)] | Loss 80.687710 | MSE 0.016138 | Likelihood -69.851723 | KL fp 0.0000 | FP STD 0.0000|
Experiment 25836
Epoch 0029 [Train seq (cond on sampled tp)] | Loss 48.168633 | MSE 0.009634 | Likelihood -38.929688 | KL fp nan | FP STD nan|
Epoch 0029 [Test seq (cond on sampled tp)] | Loss 82.326271 | MSE 0.016465 | Likelihood -77.152100 | KL fp 0.0000 | FP STD 0.0000|
Experiment 25836
Epoch 0030 [Train seq (cond on sampled tp)] | Loss 46.928633 | MSE 0.009386 | Likelihood -38.909169 | KL fp nan | FP STD nan|
Epoch 0030 [Test seq (cond on sampled tp)] | Loss 77.579967 | MSE 0.015516 | Likelihood -70.215813 | KL fp 0.0000 | FP STD 0.0000|
Experiment 25836
Epoch 0031 [Train seq (cond on sampled tp)] | Loss 45.444961 | MSE 0.009089 | Likelihood -37.585186 | KL fp nan | FP STD nan|
Epoch 0031 [Test seq (cond on sampled tp)] | Loss 79.784626 | MSE 0.015957 | Likelihood -70.140148 | KL fp 0.0000 | FP STD 0.0000|
Experiment 25836
Epoch 0032 [Train seq (cond on sampled tp)] | Loss 44.461548 | MSE 0.008892 | Likelihood -35.745218 | KL fp nan | FP STD nan|
Epoch 0032 [Test seq (cond on sampled tp)] | Loss 81.991035 | MSE 0.016398 | Likelihood -76.934082 | KL fp 0.0000 | FP STD 0.0000|
Experiment 25836
Epoch 0033 [Train seq (cond on sampled tp)] | Loss 44.306126 | MSE 0.008861 | Likelihood -36.713376 | KL fp nan | FP STD nan|
Epoch 0033 [Test seq (cond on sampled tp)] | Loss 74.264214 | MSE 0.014853 | Likelihood -70.389793 | KL fp 0.0000 | FP STD 0.0000|
Epoch 0033 [Test seq (cond on sampled tp)] | Best mse 0.014853|
Experiment 25836
Epoch 0034 [Train seq (cond on sampled tp)] | Loss 42.866268 | MSE 0.008573 | Likelihood -34.404068 | KL fp nan | FP STD nan|
Epoch 0034 [Test seq (cond on sampled tp)] | Loss 76.369865 | MSE 0.015274 | Likelihood -73.538647 | KL fp 0.0000 | FP STD 0.0000|
Experiment 25836
Epoch 0035 [Train seq (cond on sampled tp)] | Loss 41.618579 | MSE 0.008324 | Likelihood -33.755912 | KL fp nan | FP STD nan|
Epoch 0035 [Test seq (cond on sampled tp)] | Loss 74.991894 | MSE 0.014998 | Likelihood -65.231785 | KL fp 0.0000 | FP STD 0.0000|
Experiment 25836
Epoch 0036 [Train seq (cond on sampled tp)] | Loss 41.083348 | MSE 0.008217 | Likelihood -33.326619 | KL fp nan | FP STD nan|
Epoch 0036 [Test seq (cond on sampled tp)] | Loss 77.005127 | MSE 0.015401 | Likelihood -72.936283 | KL fp 0.0000 | FP STD 0.0000|
Experiment 25836
Epoch 0037 [Train seq (cond on sampled tp)] | Loss 41.855313 | MSE 0.008371 | Likelihood -36.012138 | KL fp nan | FP STD nan|
Epoch 0037 [Test seq (cond on sampled tp)] | Loss 71.360374 | MSE 0.014272 | Likelihood -65.916000 | KL fp 0.0000 | FP STD 0.0000|
Epoch 0037 [Test seq (cond on sampled tp)] | Best mse 0.014272|
Experiment 25836
Epoch 0038 [Train seq (cond on sampled tp)] | Loss 40.272296 | MSE 0.008054 | Likelihood -34.739126 | KL fp nan | FP STD nan|
Epoch 0038 [Test seq (cond on sampled tp)] | Loss 71.790436 | MSE 0.014358 | Likelihood -65.993130 | KL fp 0.0000 | FP STD 0.0000|
Experiment 25836
Epoch 0039 [Train seq (cond on sampled tp)] | Loss 38.672094 | MSE 0.007734 | Likelihood -30.772333 | KL fp nan | FP STD nan|
Epoch 0039 [Test seq (cond on sampled tp)] | Loss 68.871994 | MSE 0.013774 | Likelihood -60.786289 | KL fp 0.0000 | FP STD 0.0000|
Epoch 0039 [Test seq (cond on sampled tp)] | Best mse 0.013774|
Experiment 25836
Epoch 0040 [Train seq (cond on sampled tp)] | Loss 39.306118 | MSE 0.007861 | Likelihood -32.604138 | KL fp nan | FP STD nan|
Epoch 0040 [Test seq (cond on sampled tp)] | Loss 68.966614 | MSE 0.013793 | Likelihood -64.447378 | KL fp 0.0000 | FP STD 0.0000|
Experiment 25836
Epoch 0041 [Train seq (cond on sampled tp)] | Loss 37.102739 | MSE 0.007421 | Likelihood -30.039410 | KL fp nan | FP STD nan|
Epoch 0041 [Test seq (cond on sampled tp)] | Loss 68.181633 | MSE 0.013636 | Likelihood -63.624096 | KL fp 0.0000 | FP STD 0.0000|
Epoch 0041 [Test seq (cond on sampled tp)] | Best mse 0.013636|
Experiment 25836
Epoch 0042 [Train seq (cond on sampled tp)] | Loss 37.210309 | MSE 0.007442 | Likelihood -29.884377 | KL fp nan | FP STD nan|
Epoch 0042 [Test seq (cond on sampled tp)] | Loss 74.992119 | MSE 0.014998 | Likelihood -72.128159 | KL fp 0.0000 | FP STD 0.0000|
Experiment 25836
Epoch 0043 [Train seq (cond on sampled tp)] | Loss 37.521808 | MSE 0.007504 | Likelihood -30.049274 | KL fp nan | FP STD nan|
Epoch 0043 [Test seq (cond on sampled tp)] | Loss 67.403450 | MSE 0.013481 | Likelihood -62.607315 | KL fp 0.0000 | FP STD 0.0000|
Epoch 0043 [Test seq (cond on sampled tp)] | Best mse 0.013481|
Experiment 25836
Epoch 0044 [Train seq (cond on sampled tp)] | Loss 36.319992 | MSE 0.007264 | Likelihood -28.806553 | KL fp nan | FP STD nan|
Epoch 0044 [Test seq (cond on sampled tp)] | Loss 64.102505 | MSE 0.012821 | Likelihood -57.467293 | KL fp 0.0000 | FP STD 0.0000|
Epoch 0044 [Test seq (cond on sampled tp)] | Best mse 0.012821|
Experiment 25836
Epoch 0045 [Train seq (cond on sampled tp)] | Loss 35.476130 | MSE 0.007095 | Likelihood -28.473742 | KL fp nan | FP STD nan|
Epoch 0045 [Test seq (cond on sampled tp)] | Loss 69.890533 | MSE 0.013978 | Likelihood -65.498920 | KL fp 0.0000 | FP STD 0.0000|
Experiment 25836
Epoch 0046 [Train seq (cond on sampled tp)] | Loss 35.738853 | MSE 0.007148 | Likelihood -28.333967 | KL fp nan | FP STD nan|
Epoch 0046 [Test seq (cond on sampled tp)] | Loss 74.586098 | MSE 0.014917 | Likelihood -63.773926 | KL fp 0.0000 | FP STD 0.0000|
